(spike) core   0: 0x00001000 (0x00000297) auipc   t0, 0x0
(spike) core   0: 0x00001004 (0x02028593) addi    a1, t0, 32
(spike) core   0: 0x00001008 (0xf1402573) csrr    a0, mhartid
(spike) core   0: 0x0000100c (0x0182a283) lw      t0, 24(t0)
(spike) core   0: 0x00001010 (0x00028067) jr      t0
(spike) core   0: 0x80000098 (0x00002317) auipc   t1, 0x2
(spike) core   0: 0x8000009c (0xf6830313) addi    t1, t1, -152
(spike) core   0: 0x800000a0 (0x00030593) mv      a1, t1
(spike) core   0: 0x800000a4 (0xa0002537) lui     a0, 0xa0002
(spike) core   0: 0x800000a8 (0x00100613) li      a2, 1
(spike) core   0: 0x800000ac (0x00100693) li      a3, 1
(spike) core   0: 0x800000b0 (0xf51ff0ef) jal     pc - 0xb0
(spike) core   0: 0x80000000 (0x00068c63) beqz    a3, pc + 24
(spike) core   0: 0x80000004 (0x00001297) auipc   t0, 0x1
(spike) core   0: 0x80000008 (0xffc28293) addi    t0, t0, -4
(spike) core   0: 0x8000000c (0x01655313) srli    t1, a0, 22
(spike) core   0: 0x80000010 (0x3ff37313) andi    t1, t1, 1023
(spike) core   0: 0x80000014 (0x0140006f) j       pc + 0x14
(spike) core   0: 0x80000028 (0x00231313) slli    t1, t1, 2
(spike) core   0: 0x8000002c (0x006282b3) add     t0, t0, t1
(spike) core   0: 0x80000030 (0x00c5d393) srli    t2, a1, 12
(spike) core   0: 0x80000034 (0x00a39393) slli    t2, t2, 10
(spike) core   0: 0x80000038 (0x00c3e3b3) or      t2, t2, a2
(spike) core   0: 0x8000003c (0x0072a023) sw      t2, 0(t0)
(spike) core   0: 0x80000040 (0x00008067) ret
(spike) core   0: 0x800000b4 (0x00000317) auipc   t1, 0x0
(spike) core   0: 0x800000b8 (0x08830313) addi    t1, t1, 136
(spike) core   0: 0x800000bc (0x00030593) mv      a1, t1
(spike) core   0: 0x800000c0 (0xa0000537) lui     a0, 0xa0000
(spike) core   0: 0x800000c4 (0x13c50513) addi    a0, a0, 316
(spike) core   0: 0x800000c8 (0x0cf00613) li      a2, 207
(spike) core   0: 0x800000cc (0x00000693) li      a3, 0
(spike) core   0: 0x800000d0 (0xf31ff0ef) jal     pc - 0xd0
(spike) core   0: 0x80000000 (0x00068c63) beqz    a3, pc + 24
(spike) core   0: 0x80000018 (0x00002297) auipc   t0, 0x2
(spike) core   0: 0x8000001c (0xfe828293) addi    t0, t0, -24
(spike) core   0: 0x80000020 (0x00c55313) srli    t1, a0, 12
(spike) core   0: 0x80000024 (0x3ff37313) andi    t1, t1, 1023
(spike) core   0: 0x80000028 (0x00231313) slli    t1, t1, 2
(spike) core   0: 0x8000002c (0x006282b3) add     t0, t0, t1
(spike) core   0: 0x80000030 (0x00c5d393) srli    t2, a1, 12
(spike) core   0: 0x80000034 (0x00a39393) slli    t2, t2, 10
(spike) core   0: 0x80000038 (0x00c3e3b3) or      t2, t2, a2
(spike) core   0: 0x8000003c (0x0072a023) sw      t2, 0(t0)
(spike) core   0: 0x80000040 (0x00008067) ret
(spike) core   0: 0x800000d4 (0x00004317) auipc   t1, 0x4
(spike) core   0: 0x800000d8 (0xf2c30313) addi    t1, t1, -212
(spike) core   0: 0x800000dc (0x00030593) mv      a1, t1
(spike) core   0: 0x800000e0 (0xa0004537) lui     a0, 0xa0004
(spike) core   0: 0x800000e4 (0x0c300613) li      a2, 195
(spike) core   0: 0x800000e8 (0x00000693) li      a3, 0
(spike) core   0: 0x800000ec (0xf15ff0ef) jal     pc - 0xec
(spike) core   0: 0x80000000 (0x00068c63) beqz    a3, pc + 24
(spike) core   0: 0x80000018 (0x00002297) auipc   t0, 0x2
(spike) core   0: 0x8000001c (0xfe828293) addi    t0, t0, -24
(spike) core   0: 0x80000020 (0x00c55313) srli    t1, a0, 12
(spike) core   0: 0x80000024 (0x3ff37313) andi    t1, t1, 1023
(spike) core   0: 0x80000028 (0x00231313) slli    t1, t1, 2
(spike) core   0: 0x8000002c (0x006282b3) add     t0, t0, t1
(spike) core   0: 0x80000030 (0x00c5d393) srli    t2, a1, 12
(spike) core   0: 0x80000034 (0x00a39393) slli    t2, t2, 10
(spike) core   0: 0x80000038 (0x00c3e3b3) or      t2, t2, a2
(spike) core   0: 0x8000003c (0x0072a023) sw      t2, 0(t0)
(spike) core   0: 0x80000040 (0x00008067) ret
(spike) core   0: 0x800000f0 (0x80000337) lui     t1, 0x80000
(spike) core   0: 0x800000f4 (0x00001297) auipc   t0, 0x1
(spike) core   0: 0x800000f8 (0xf0c28293) addi    t0, t0, -244
(spike) core   0: 0x800000fc (0x00c2d293) srli    t0, t0, 12
(spike) core   0: 0x80000100 (0x0062e2b3) or      t0, t0, t1
(spike) core   0: 0x80000104 (0x18029073) csrw    satp, t0
(spike) core   0: 0x80000108 (0x00000397) auipc   t2, 0x0
(spike) core   0: 0x8000010c (0xf3c38393) addi    t2, t2, -196
(spike) core   0: 0x80000110 (0x30539073) csrw    mtvec, t2
(spike) core   0: 0x80000114 (0xa00003b7) lui     t2, 0xa0000
(spike) core   0: 0x80000118 (0x13c38393) addi    t2, t2, 316
(spike) core   0: 0x8000011c (0x34139073) csrw    mepc, t2
(spike) core   0: 0x80000120 (0x000023b7) lui     t2, 0x2
(spike) core   0: 0x80000124 (0x80038393) addi    t2, t2, -2048
(spike) core   0: 0x80000128 (0x3003b073) csrc    mstatus, t2
(spike) core   0: 0x8000012c (0x000c13b7) lui     t2, 0xc1
(spike) core   0: 0x80000130 (0x80038393) addi    t2, t2, -2048
(spike) core   0: 0x80000134 (0x3003a073) csrs    mstatus, t2
(spike) core   0: 0x80000138 (0x30200073) mret
(spike) core   0: 0xa000013c (0xa0004f37) lui     t5, 0xa0004
(spike) core   0: 0xa0000140 (0x000f2f83) lw      t6, 0(t5)
(spike) core   0: 0xa0000144 (0x00004297) auipc   t0, 0x4
(spike) core   0: 0xa0000148 (0xecc28293) addi    t0, t0, -308
(spike) core   0: 0xa000014c (0x00100313) li      t1, 1
(spike) core   0: 0xa0000150 (0x0062a023) sw      t1, 0(t0)
core   0: exception trap_store_page_fault, epc 0xa0000150
core   0:           tval 0xa0004010
(spike) core   0: >>>>  trap_handler
core   0: 0x80000044 (0x342022f3) csrr    t0, mcause
(spike) core   0: 0x80000048 (0x00100313) li      t1, 1
(spike) core   0: 0x8000004c (0x02628863) beq     t0, t1, pc + 48
(spike) core   0: 0x80000050 (0x00500313) li      t1, 5
(spike) core   0: 0x80000054 (0x02628663) beq     t0, t1, pc + 44
(spike) core   0: 0x80000058 (0x00700313) li      t1, 7
(spike) core   0: 0x8000005c (0x02628463) beq     t0, t1, pc + 40
(spike) core   0: 0x80000060 (0x00c00313) li      t1, 12
(spike) core   0: 0x80000064 (0x02628263) beq     t0, t1, pc + 36
(spike) core   0: 0x80000068 (0x00d00313) li      t1, 13
(spike) core   0: 0x8000006c (0x02628063) beq     t0, t1, pc + 32
(spike) core   0: 0x80000070 (0x00f00313) li      t1, 15
(spike) core   0: 0x80000074 (0x00628e63) beq     t0, t1, pc + 28
(spike) core   0: 0x80000090 (0x0b40006f) j       pc + 0xb4
(spike) core   0: 0x80000144 (0x00004297) auipc   t0, 0x4
(spike) core   0: 0x80000148 (0xecc28293) addi    t0, t0, -308
(spike) core   0: 0x8000014c (0x00100313) li      t1, 1
(spike) core   0: 0x80000150 (0x0062a023) sw      t1, 0(t0)
